<?xml version="1.0" encoding="UTF-8" ?>
<testsuite failures="0" time="0.469" errors="0" skipped="0" tests="2" name="TestSuite">
  <properties>
    <property name="java.runtime.name" value="Java(TM) SE Runtime Environment"/>
    <property name="sun.boot.library.path" value="C:\Develop\Java\jdk1.6.0_05\jre\bin"/>
    <property name="java.vm.version" value="10.0-b19"/>
    <property name="java.vm.vendor" value="Sun Microsystems Inc."/>
    <property name="java.vendor.url" value="http://java.sun.com/"/>
    <property name="path.separator" value=";"/>
    <property name="java.vm.name" value="Java HotSpot(TM) Client VM"/>
    <property name="file.encoding.pkg" value="sun.io"/>
    <property name="user.country" value="JP"/>
    <property name="sun.java.launcher" value="SUN_STANDARD"/>
    <property name="sun.os.patch.level" value="Service Pack 2"/>
    <property name="java.vm.specification.name" value="Java Virtual Machine Specification"/>
    <property name="user.dir" value="C:\workspace\mock"/>
    <property name="java.runtime.version" value="1.6.0_05-b13"/>
    <property name="java.awt.graphicsenv" value="sun.awt.Win32GraphicsEnvironment"/>
    <property name="basedir" value="C:\workspace\mock"/>
    <property name="java.endorsed.dirs" value="C:\Develop\Java\jdk1.6.0_05\jre\lib\endorsed"/>
    <property name="os.arch" value="x86"/>
    <property name="java.io.tmpdir" value="C:\DOCUME~1\MIX3~1.FKE\LOCALS~1\Temp\"/>
    <property name="line.separator" value="
"/>
    <property name="java.vm.specification.vendor" value="Sun Microsystems Inc."/>
    <property name="user.variant" value=""/>
    <property name="os.name" value="Windows XP"/>
    <property name="sun.jnu.encoding" value="MS932"/>
    <property name="java.library.path" value="C:\Develop\Java\jdk1.6.0_05\jre\bin;.;C:\WINDOWS\Sun\Java\bin;C:\WINDOWS\system32;C:\WINDOWS;C:\Develop\Perl\bin;C:\WINDOWS\system32;C:\WINDOWS;C:\WINDOWS\System32\Wbem;C:\Develop\tex\bin;c:\develop\gs\gs8.62\bin;c:\develop\gs\gs8.62\lib;C:\Program Files\TortoiseSVN\bin;C:\Program Files\Subversion\bin;C:\Program Files\QuickTime\QTSystem\;C:\Develop\Git\cmd;C:\Develop\apache-maven-2.0.9\bin;C:\Develop\Java\jdk1.6.0_05\bin;C:\Develop\InstantRails-2.0-win\mysql\bin;C:\Develop\borland\bcc55\bin;C:\Develop\OpenVPN\bin"/>
    <property name="java.specification.name" value="Java Platform API Specification"/>
    <property name="java.class.version" value="50.0"/>
    <property name="sun.management.compiler" value="HotSpot Client Compiler"/>
    <property name="os.version" value="5.1"/>
    <property name="user.home" value="C:\Documents and Settings\mix3.FKEN"/>
    <property name="user.timezone" value="Asia/Tokyo"/>
    <property name="java.awt.printerjob" value="sun.awt.windows.WPrinterJob"/>
    <property name="file.encoding" value="MS932"/>
    <property name="java.specification.version" value="1.6"/>
    <property name="user.name" value="mix3"/>
    <property name="java.class.path" value="C:\DOCUME~1\MIX3~1.FKE\LOCALS~1\Temp\surefirebooter35399.jar;C:\Documents and Settings\mix3.FKEN\.m2\repository/jmockit/jmockit/0.94/jmockit-0.94.jar"/>
    <property name="java.vm.specification.version" value="1.0"/>
    <property name="sun.arch.data.model" value="32"/>
    <property name="java.home" value="C:\Develop\Java\jdk1.6.0_05\jre"/>
    <property name="java.specification.vendor" value="Sun Microsystems Inc."/>
    <property name="user.language" value="ja"/>
    <property name="awt.toolkit" value="sun.awt.windows.WToolkit"/>
    <property name="java.vm.info" value="mixed mode"/>
    <property name="java.version" value="1.6.0_05"/>
    <property name="java.ext.dirs" value="C:\Develop\Java\jdk1.6.0_05\jre\lib\ext;C:\WINDOWS\Sun\Java\lib\ext"/>
    <property name="sun.boot.class.path" value="C:\Develop\Java\jdk1.6.0_05\jre\lib\resources.jar;C:\Develop\Java\jdk1.6.0_05\jre\lib\rt.jar;C:\Develop\Java\jdk1.6.0_05\jre\lib\sunrsasign.jar;C:\Develop\Java\jdk1.6.0_05\jre\lib\jsse.jar;C:\Develop\Java\jdk1.6.0_05\jre\lib\jce.jar;C:\Develop\Java\jdk1.6.0_05\jre\lib\charsets.jar;C:\Develop\Java\jdk1.6.0_05\jre\classes"/>
    <property name="java.vendor" value="Sun Microsystems Inc."/>
    <property name="localRepository" value="C:\Documents and Settings\mix3.FKEN\.m2\repository"/>
    <property name="file.separator" value="\"/>
    <property name="java.vendor.url.bug" value="http://java.sun.com/cgi-bin/bugreport.cgi"/>
    <property name="sun.cpu.endian" value="little"/>
    <property name="sun.io.unicode.encoding" value="UnicodeLittle"/>
    <property name="sun.desktop" value="windows"/>
    <property name="sun.cpu.isalist" value=""/>
  </properties>
  <testcase time="0.031" classname="easyMock.TestEasyMockSample" name="callEcho"/>
  <testcase time="0" classname="easyMock.TestEasyMockSample" name="callGet"/>
</testsuite>